<?xml version="1.0" encoding="UTF-8"?>
<testsuite xmlns:xsi="http://www.w3.org/2001/XMLSchema-instance" xsi:noNamespaceSchemaLocation="https://maven.apache.org/surefire/maven-surefire-plugin/xsd/surefire-test-report.xsd" name="TestSuite" time="45.029" tests="11" errors="0" skipped="0" failures="1">
  <properties>
[...]
</properties>
  <testcase name="validatePageTitleTest" classname="com.nopcommerce.tests.HomePageTest" time="0.343"/>
  <testcase name="verifiedLogoTest" classname="com.nopcommerce.tests.HomePageTest" time="0.028"/>
  <testcase name="verifyRegisterLinkTest" classname="com.nopcommerce.tests.HomePageTest" time="0.053"/>
  <testcase name="verifyLoginPageNameTest" classname="com.nopcommerce.tests.LoginPageTest" time="0.006"/>
  <testcase name="verifyLoginLinkTest" classname="com.nopcommerce.tests.HomePageTest" time="0.067"/>
  <testcase name="verifyRegisterButtonStatusTest" classname="com.nopcommerce.tests.LoginPageTest" time="0.076"/>
  <testcase name="verifySearchPageNameTest" classname="com.nopcommerce.tests.SearchPageTest" time="0.101">
    <failure message=" expected [[Ljava.lang.String;@2cb8b9bc] but found [Search]" type="java.lang.AssertionError">java.lang.AssertionError:  expected [[Ljava.lang.String;@2cb8b9bc] but found [Search]
	at com.nopcommerce.tests.SearchPageTest.verifySearchPageNameTest(SearchPageTest.java:18)
</failure>
    <system-out><![CDATA[validateUserLoginTest started!
I am in onTestStart method validateUserLoginTest start
I am in onFinish method home page test
Test Suite is ending!
verifySearchPageNameTest started!
I am in onTestStart method verifySearchPageNameTest start
I am in onTestFailure method verifySearchPageNameTest failed
Screenshot captured for test case:verifySearchPageNameTest
verifySearchPageNameTest failed!
registerNewUserTest started!
I am in onTestStart method registerNewUserTest start
]]></system-out>
    <system-err><![CDATA[log4j:WARN No appenders could be found for logger (freemarker.cache).
log4j:WARN Please initialize the log4j system properly.
log4j:WARN See http://logging.apache.org/log4j/1.2/faq.html#noconfig for more info.
]]></system-err>
  </testcase>
  <testcase name="verifyManufactureDropdownListTest" classname="com.nopcommerce.tests.SearchPageTest" time="0.287"/>
  <testcase name="validateCategoryListTest" classname="com.nopcommerce.tests.SearchPageTest" time="0.127"/>
  <testcase name="validateUserLoginTest" classname="com.nopcommerce.tests.LoginPageTest" time="0.914"/>
  <testcase name="registerNewUserTest" classname="com.nopcommerce.tests.RegisterPageTest" time="5.653"/>
</testsuite>