-------------------------------------------------------------------------------
Test set: TestSuite
-------------------------------------------------------------------------------
Tests run: 11, Failures: 1, Errors: 0, Skipped: 0, Time elapsed: 45.029 s <<< FAILURE! - in TestSuite
verifySearchPageNameTest(com.nopcommerce.tests.SearchPageTest)  Time elapsed: 0.101 s  <<< FAILURE!
java.lang.AssertionError:  expected [[Ljava.lang.String;@2cb8b9bc] but found [Search]
	at com.nopcommerce.tests.SearchPageTest.verifySearchPageNameTest(SearchPageTest.java:18)

