<?xml version="1.0" encoding="UTF-8"?>
<!-- Generated by org.testng.reporters.JUnitXMLReporter -->
<testsuite ignored="0" hostname="ALis-MacBook-Pro.local" failures="0" tests="4" name="home page test" time="33.031" errors="0" timestamp="2022-02-17T19:55:07 PST">
  <testcase classname="com.nopcommerce.tests.HomePageTest" name="validatePageTitleTest" time="0.16"/>
  <testcase classname="com.nopcommerce.tests.HomePageTest" name="verifiedLogoTest" time="0.154"/>
  <testcase classname="com.nopcommerce.tests.HomePageTest" name="verifyRegisterLinkTest" time="0.045"/>
  <testcase classname="com.nopcommerce.tests.HomePageTest" name="verifyLoginLinkTest" time="0.075"/>
</testsuite> <!-- home page test -->
